[2020-05-18 09:58:06] name.WARNING: Foo [] []
[2020-05-18 09:58:06] name.ERROR: Bar [] []
[2020-05-18 10:07:15] name.WARNING: Foo [] []
[2020-05-18 10:07:15] name.ERROR: Bar [] []
[2020-05-18 10:07:16] name.WARNING: Foo [] []
[2020-05-18 10:07:16] name.ERROR: Bar [] []
[2020-05-18 10:07:16] name.WARNING: Foo [] []
[2020-05-18 10:07:16] name.ERROR: Bar [] []
[2020-05-18 10:07:17] name.WARNING: Foo [] []
[2020-05-18 10:07:17] name.ERROR: Bar [] []
[2020-05-18 10:07:17] name.WARNING: Foo [] []
[2020-05-18 10:07:17] name.ERROR: Bar [] []
[2020-05-18 10:07:39] name.WARNING: Foo [] []
[2020-05-18 10:07:39] name.ERROR: Bar [] []
[2020-05-18 10:16:28] name.WARNING: Foo [] []
[2020-05-18 10:16:28] name.ERROR: Bar [] []
[2020-05-18 10:17:00] name.WARNING: Foo [] []
[2020-05-18 10:17:00] name.ERROR: Bar [] []
[2020-05-18 10:17:33] name.WARNING: Foo [] []
[2020-05-18 10:17:33] name.ERROR: Bar [] []
[2020-05-18 10:18:42] name.WARNING: Foo [] []
[2020-05-18 10:18:42] name.ERROR: Bar [] []
[2020-05-18 13:04:30] name.INFO: Memory: 602864 at 2020.05.18:13.04.30 [] []
[2020-05-18 13:05:43] name.INFO: Memory: 602944 at 2020.05.18:13.05.43 [] []
[2020-05-18 13:09:10] name.INFO: Memory: 602944 at 2020.05.18:13.09.10 [] []
[2020-05-18 13:09:11] name.INFO: Memory: 602944 at 2020.05.18:13.09.11 [] []
[2020-05-18 13:09:37] name.INFO: Memory: 602944 at 2020.05.18:13.09.37 [] []
[2020-05-18 13:09:38] name.INFO: Memory: 603104 at 2020.05.18:13.09.38 [] []
[2020-05-18 13:10:38] name.INFO: Memory: 602944 at 2020.05.18:13.10.38 [] []
[2020-05-18 13:10:38] name.INFO: Memory: 602944 at 2020.05.18:13.10.38 [] []
[2020-05-18 13:10:39] name.INFO: Memory: 602944 at 2020.05.18:13.10.39 [] []
[2020-05-18 13:10:39] name.INFO: Memory: 602944 at 2020.05.18:13.10.39 [] []
[2020-05-18 13:10:39] name.INFO: Memory: 602944 at 2020.05.18:13.10.39 [] []
[2020-05-18 13:10:39] name.INFO: Memory: 602944 at 2020.05.18:13.10.39 [] []
[2020-05-18 13:10:40] name.INFO: Memory: 602944 at 2020.05.18:13.10.40 [] []
[2020-05-18 13:10:40] name.INFO: Memory: 602944 at 2020.05.18:13.10.40 [] []
[2020-05-18 13:10:40] name.INFO: Memory: 602944 at 2020.05.18:13.10.40 [] []
[2020-05-18 13:10:40] name.INFO: Memory: 602944 at 2020.05.18:13.10.40 [] []
[2020-05-18 13:10:40] name.INFO: Memory: 602944 at 2020.05.18:13.10.40 [] []
[2020-05-18 13:11:50] name.INFO: Memory: 602944 at 2020.05.18:13.11.50 [] []
[2020-05-18 16:13:03] name.INFO: Memory: 602952 at 2020.05.18:16.13.03 [] []
[2020-05-18 16:17:55] name.INFO: Memory: 602960 bytes at 2020.05.18:16.17.55 [] []
[2020-05-18 16:29:25] MyApp.INFO: Memory: 604544 bytes at 2020.05.18:16.29.25 [] []
[2020-05-18 16:29:30] MyApp.INFO: Memory: 604464 bytes at 2020.05.18:16.29.30 [] []
[2020-05-18 16:31:11] MyApp.INFO: Memory: 605256 bytes at 2020.05.18:16.31.11 [] []
[2020-05-18 16:31:20] MyApp.INFO: Memory: 605248 bytes at 2020.05.18:16.31.20 [] []
[2020-05-18 16:31:27] MyApp.INFO: Memory: 605248 bytes at 2020.05.18:16.31.27 [] []
[2020-05-18 16:31:27] MyApp.INFO: Memory usage changed by (Array - ) bytes [] []
[2020-05-18 16:33:17] MyApp.INFO: Memory: 605376 bytes at 2020.05.18:16.33.17 [] []
[2020-05-18 16:33:18] MyApp.INFO: Memory usage changed by (2020.05.18:16.33.18 - ) bytes [] []
[2020-05-18 16:36:16] MyApp.INFO: Memory: 605776 bytes at 2020.05.18:16.36.16 [] []
[2020-05-18 16:36:16] MyApp.INFO: Memory usage changed by ( - ) bytes [] []
[2020-05-18 16:36:49] MyApp.INFO: Memory: 605768 bytes at 2020.05.18:16.36.49 [] []
[2020-05-18 16:36:49] MyApp.INFO: Memory usage changed by ( - ) bytes [] []
[2020-05-18 16:38:42] MyApp.INFO: Memory: 605832 bytes at 2020.05.18:16.38.42 [] []
[2020-05-18 16:38:42] MyApp.INFO: Memory usage changed by ( - ) bytes [] []
[2020-05-18 16:39:24] MyApp.INFO: Memory: 605776 bytes at 2020.05.18:16.39.24 [] []
[2020-05-18 16:39:24] MyApp.INFO: Memory usage changed by 693104 bytes [] []
[2020-05-18 16:40:01] MyApp.INFO: Memory: 606456 bytes at 2020.05.18:16.40.01 [] []
[2020-05-18 16:40:01] MyApp.INFO: Memory: 606456 bytes at 2020.05.18:16.40.01 [] []
[2020-05-18 16:40:01] MyApp.INFO: Memory usage changed by 693784 bytes [] []
[2020-05-18 16:40:39] MyApp.INFO: Memory: 607488 bytes at 2020.05.18:16.40.39 [] []
[2020-05-18 16:41:44] MyApp.INFO: Memory: 606456 bytes at 2020.05.18:16.41.44 [] []
[2020-05-18 16:41:44] MyApp.INFO: Memory: 606456 bytes at 2020.05.18:16.41.44 [] []
[2020-05-18 16:41:44] MyApp.INFO: Memory usage changed by 693784 bytes [] []
[2020-05-18 16:42:39] MyApp.INFO: Memory: 606456 bytes at 2020.05.18:16.42.39 [] []
[2020-05-18 16:42:40] MyApp.INFO: Memory: 606456 bytes at 2020.05.18:16.42.39 [] []
[2020-05-18 16:42:40] MyApp.INFO: Memory usage changed by 693784 bytes [] []
[2020-05-18 16:42:44] MyApp.INFO: Memory: 606488 bytes at 2020.05.18:16.42.44 [] []
[2020-05-18 16:42:44] MyApp.INFO: Memory: 606488 bytes at 2020.05.18:16.42.44 [] []
[2020-05-18 16:42:44] MyApp.INFO: Memory usage changed by 693816 bytes [] []
[2020-05-18 16:45:01] MyApp.INFO: Memory: 607128 bytes at 2020.05.18:16.45.01 [] []
[2020-05-18 16:45:02] MyApp.INFO: Memory: 607128 bytes at 2020.05.18:16.45.01 [] []
[2020-05-18 16:45:02] MyApp.INFO: Memory usage changed by 694456 bytes [] []
[2020-05-18 16:48:46] MyApp.INFO: Memory: 607280 bytes at 2020.05.18:16.48.46 [] []
[2020-05-18 16:48:47] MyApp.INFO: Memory: 607280 bytes at 2020.05.18:16.48.46 [] []
[2020-05-18 16:48:47] MyApp.INFO: Memory usage changed by 87672 bytes [] []
[2020-05-18 16:49:25] MyApp.INFO: Memory: 607280 bytes at 2020.05.18:16.49.25 [] []
[2020-05-18 16:49:26] MyApp.INFO: Memory: 694952 bytes at 2020.05.18:16.49.26 [] []
[2020-05-18 16:49:26] MyApp.INFO: Memory usage changed by 632 bytes [] []
[2020-05-18 17:20:36] MyApp.INFO: Memory: 607072 bytes at 2020.05.18:17.20.36 [] []
[2020-05-18 17:20:36] MyApp.INFO: Memory: 694744 bytes at 2020.05.18:17.20.36 [] []
[2020-05-18 17:20:36] MyApp.INFO: Memory usage changed by 632 bytes since 1 measure [] []
[2020-05-18 17:22:02] MyApp.INFO: Memory: 608128 bytes at 2020.05.18:17.22.02 [] []
[2020-05-18 17:22:03] MyApp.INFO: Memory: 695800 bytes at 2020.05.18:17.22.03 [] []
[2020-05-18 17:22:03] MyApp.INFO: Memory usage changed by 632 bytes since 1 measure [] []
[2020-05-18 17:22:44] MyApp.INFO: Memory: 608128 bytes at 2020.05.18:17.22.44 [] []
[2020-05-18 17:22:45] MyApp.INFO: Memory: 695800 bytes at 2020.05.18:17.22.45 [] []
[2020-05-18 17:22:45] MyApp.INFO: Memory usage changed by 632 bytes since 1 measure [] []
[2020-05-18 17:23:03] MyApp.INFO: Memory: 607632 bytes at 2020.05.18:17.23.03 [] []
[2020-05-18 17:23:04] MyApp.INFO: Memory: 695304 bytes at 2020.05.18:17.23.04 [] []
[2020-05-18 17:23:04] MyApp.INFO: Memory usage changed by 632 bytes since 1 measure [] []
[2020-05-18 17:23:42] MyApp.INFO: Memory: 607760 bytes at 2020.05.18:17.23.42 [] []
[2020-05-18 17:23:42] MyApp.INFO: Memory: 695432 bytes at 2020.05.18:17.23.42 [] []
[2020-05-18 17:23:42] MyApp.INFO: Memory usage changed by 632 bytes since 1 measure [] []
[2020-05-18 17:27:08] MyApp.INFO: Memory: 607760 bytes at 2020.05.18:17.27.08 [] []
[2020-05-18 17:27:09] MyApp.INFO: Memory: 695432 bytes at 2020.05.18:17.27.09 [] []
[2020-05-18 17:27:09] MyApp.INFO: Memory usage changed by 632 bytes since 1 measure [] []
[2020-05-18 17:29:32] MyApp.INFO: Memory: 607768 bytes at 2020.05.18:17.29.32 [] []
[2020-05-18 17:29:33] MyApp.INFO: Memory: 695440 bytes at 2020.05.18:17.29.33 [] []
[2020-05-18 17:29:33] MyApp.INFO: Memory usage changed by 632 bytes since 1 measure [] []
[2020-05-18 17:52:47] MyApp.INFO: Memory: 607768 bytes at 2020.05.18:17.52.47 [] []
[2020-05-18 17:52:47] MyApp.INFO: Memory: 695440 bytes at 2020.05.18:17.52.47 [] []
[2020-05-18 17:52:47] MyApp.INFO: Memory usage changed by 632 bytes since 1 measure [] []
[2020-05-19 11:05:47] MyApp.INFO: Memory: 607768 bytes at 2020.05.19:11.05.47 [] []
[2020-05-19 11:05:47] MyApp.INFO: Memory: 695440 bytes at 2020.05.19:11.05.47 [] []
[2020-05-19 11:05:47] MyApp.INFO: Memory usage changed by 632 bytes since 1 measure [] []
[2020-05-19 11:21:35] MyApp.INFO: Memory: 607768 bytes at 2020.05.19:11.21.35 [] []
[2020-05-19 11:21:35] MyApp.INFO: Memory: 695440 bytes at 2020.05.19:11.21.35 [] []
[2020-05-19 11:21:35] MyApp.INFO: Memory usage changed by 632 bytes since 1 measure [] []
[2020-05-19 11:30:30] MyApp.INFO: Memory: 607768 bytes at 2020.05.19:11.30.30 [] []
[2020-05-19 11:30:30] MyApp.INFO: Memory: 695440 bytes at 2020.05.19:11.30.30 [] []
[2020-05-19 11:30:30] MyApp.INFO: Memory usage changed by 632 bytes since 1 measure [] []
[2020-05-19 11:31:00] MyApp.INFO: Memory: 607768 bytes at 2020.05.19:11.31.00 [] []
[2020-05-19 11:31:00] MyApp.INFO: Memory: 695440 bytes at 2020.05.19:11.31.00 [] []
[2020-05-19 11:31:00] MyApp.INFO: Memory usage changed by 632 bytes since 1 measure [] []
[2020-05-19 11:33:04] MyApp.INFO: Memory: 607768 bytes at 2020.05.19:11.33.04 [] []
[2020-05-19 11:33:05] MyApp.INFO: Memory: 695440 bytes at 2020.05.19:11.33.05 [] []
[2020-05-19 11:33:05] MyApp.INFO: Memory usage changed by 632 bytes since 1 measure [] []
[2020-05-19 11:34:13] MyApp.INFO: Memory: 607768 bytes at 2020.05.19:11.34.13 [] []
[2020-05-19 11:34:13] MyApp.INFO: Memory: 695440 bytes at 2020.05.19:11.34.13 [] []
[2020-05-19 11:34:13] MyApp.INFO: Memory usage changed by 632 bytes since 1 measure [] []
[2020-05-19 11:43:34] MyApp.INFO: Memory: 607904 bytes at 2020.05.19:11.43.34 [] []
[2020-05-19 11:43:34] MyApp.INFO: Memory: 695576 bytes at 2020.05.19:11.43.34 [] []
[2020-05-19 11:43:34] MyApp.INFO: Memory usage changed by 632 bytes since 1 measure [] []
